<?xml version="1.0" encoding="UTF-8"?>
<!-- Generated by org.testng.reporters.JUnitReportReporter -->
<testsuite skipped="0" hostname="Shanzedurs-MBP.fios-router.home" name="test_fblogin.TC1_LoginWithInvalidCredential" tests="1" failures="0" timestamp="26 Oct 2018 02:35:37 GMT" time="2.701" errors="0">
  <testcase name="test_facebookIbvalidPassword" time="2.701" classname="test_fblogin.TC1_LoginWithInvalidCredential"/>
</testsuite> <!-- test_fblogin.TC1_LoginWithInvalidCredential -->
